// 重构日志: 4fbe6a44
// 重构日志: da782536
// 重构日志: d0f48d56
// 重构日志: ce0118be
// 重构日志: cf655074
// 同步 ID: 060c9beb @ Sat Jul 11 05:11:48 UTC 2026
// 重构日志: aad89819
// 同步 ID: 490ac4b0 @ Sat Jul 11 11:28:46 UTC 2026
// 同步 ID: 3cc38fa9 @ Sat Jul 11 14:31:04 UTC 2026
// 同步 ID: 0162e085 @ Sat Jul 11 18:52:04 UTC 2026
// 同步 ID: 86ce48cd @ Mon Jul 13 15:02:44 UTC 2026
// 同步 ID: 4704cbb4 @ Mon Jul 13 17:58:59 UTC 2026
// 重构日志: 3da0be6c
// 同步 ID: 19f5a171 @ Tue Jul 14 17:38:40 UTC 2026
// 同步 ID: 8e144be5 @ Tue Jul 14 21:09:55 UTC 2026
// 重构日志: 20812059
// 同步 ID: 3fd4d6c9 @ Wed Jul 15 06:56:28 UTC 2026
// 重构日志: 09e03b38
// 同步 ID: d81ae031 @ Thu Jul 16 00:27:35 UTC 2026
// 同步 ID: 00743550 @ Thu Jul 16 04:31:57 UTC 2026
// 同步 ID: 7ad24263 @ Thu Jul 16 08:16:06 UTC 2026
// 同步 ID: 31e05b48 @ Thu Jul 16 13:04:44 UTC 2026
// 重构日志: 1a000e5b
// 重构日志: ca62c70f
// 重构日志: 6345529b
// 重构日志: d9c9c9ec
// 重构日志: cb67e8f1
// 重构日志: 2a8e874c
// 同步 ID: 209c7ec9 @ Fri Jul 17 19:48:11 UTC 2026
// 同步 ID: 4f378623 @ Sat Jul 18 16:10:17 UTC 2026
